<?xml version="1.0" encoding="UTF-8"?>
<!-- Generated by org.testng.reporters.JUnitXMLReporter -->
<testsuite hostname="ARAVINDA-DELL-PERSONAL" ignored="0" name="Google test" tests="5" failures="0" timestamp="11 Jul 2022 09:42:20 GMT" time="6.935" errors="0">
  <testcase name="searhOrg" time="0.342" classname="testng.AutoSuggestion"/>
  <testcase name="searhOrg" time="0.214" classname="testng.AutoSuggestion"/>
  <testcase name="searhOrg" time="0.205" classname="testng.AutoSuggestion"/>
  <testcase name="searhOrg" time="0.189" classname="testng.AutoSuggestion"/>
  <testcase name="searhOrg" time="0.186" classname="testng.AutoSuggestion"/>
</testsuite> <!-- Google test -->
